2014-06-29 22:52:10,298:DEBUG:this is a test
2014-06-30 16:34:49,651:DEBUG:undefined domain a
2014-06-30 16:34:49,758:DEBUG:defined domain a
2014-06-30 16:55:20,151:DEBUG:undefined domain a
2014-06-30 16:55:20,282:DEBUG:defined domain a
2014-06-30 16:55:21,411:DEBUG:started domain a
2014-06-30 17:05:49,359:DEBUG:can't find host 
2014-06-30 17:06:38,249:DEBUG:can't find host 
2014-06-30 17:06:54,531:DEBUG:can't find host 
2014-06-30 17:09:51,933:DEBUG:can't find host 
2014-06-30 17:12:48,964:DEBUG:can't find host 
2014-06-30 17:13:13,423:DEBUG:can't find host 
2014-06-30 17:13:25,752:DEBUG:can't find host 
2014-06-30 17:13:47,109:DEBUG:can't find host 
2014-06-30 17:24:25,105:DEBUG:undefined domain a
2014-06-30 17:24:25,248:DEBUG:defined domain a
2014-06-30 17:24:26,172:DEBUG:started domain a
2014-06-30 17:28:53,600:DEBUG:undefined domain a
2014-06-30 17:28:53,736:DEBUG:defined domain a
2014-06-30 17:28:54,661:DEBUG:started domain a
2014-06-30 22:17:20,621:DEBUG:created config drive locally. copy it to remote server 192.168.10.107 at path /home/tongqg/vm/a/config.iso
2014-06-30 22:17:20,646:DEBUG:starting thread (client mode): 0x87103c10L
2014-06-30 22:17:20,657:INFO:Connected (version 2.0, client OpenSSH_6.2p2)
2014-06-30 22:17:20,661:DEBUG:kex algos:[u'ecdh-sha2-nistp256', u'ecdh-sha2-nistp384', u'ecdh-sha2-nistp521', u'diffie-hellman-group-exchange-sha256', u'diffie-hellman-group-exchange-sha1', u'diffie-hellman-group14-sha1', u'diffie-hellman-group1-sha1'] server key:[u'ssh-rsa', u'ssh-dss', u'ecdsa-sha2-nistp256'] client encrypt:[u'aes128-ctr', u'aes192-ctr', u'aes256-ctr', u'arcfour256', u'arcfour128', u'aes128-gcm@openssh.com', u'aes256-gcm@openssh.com', u'aes128-cbc', u'3des-cbc', u'blowfish-cbc', u'cast128-cbc', u'aes192-cbc', u'aes256-cbc', u'arcfour', u'rijndael-cbc@lysator.liu.se'] server encrypt:[u'aes128-ctr', u'aes192-ctr', u'aes256-ctr', u'arcfour256', u'arcfour128', u'aes128-gcm@openssh.com', u'aes256-gcm@openssh.com', u'aes128-cbc', u'3des-cbc', u'blowfish-cbc', u'cast128-cbc', u'aes192-cbc', u'aes256-cbc', u'arcfour', u'rijndael-cbc@lysator.liu.se'] client mac:[u'hmac-md5-etm@openssh.com', u'hmac-sha1-etm@openssh.com', u'umac-64-etm@openssh.com', u'umac-128-etm@openssh.com', u'hmac-sha2-256-etm@openssh.com', u'hmac-sha2-512-etm@openssh.com', u'hmac-ripemd160-etm@openssh.com', u'hmac-sha1-96-etm@openssh.com', u'hmac-md5-96-etm@openssh.com', u'hmac-md5', u'hmac-sha1', u'umac-64@openssh.com', u'umac-128@openssh.com', u'hmac-sha2-256', u'hmac-sha2-512', u'hmac-ripemd160', u'hmac-ripemd160@openssh.com', u'hmac-sha1-96', u'hmac-md5-96'] server mac:[u'hmac-md5-etm@openssh.com', u'hmac-sha1-etm@openssh.com', u'umac-64-etm@openssh.com', u'umac-128-etm@openssh.com', u'hmac-sha2-256-etm@openssh.com', u'hmac-sha2-512-etm@openssh.com', u'hmac-ripemd160-etm@openssh.com', u'hmac-sha1-96-etm@openssh.com', u'hmac-md5-96-etm@openssh.com', u'hmac-md5', u'hmac-sha1', u'umac-64@openssh.com', u'umac-128@openssh.com', u'hmac-sha2-256', u'hmac-sha2-512', u'hmac-ripemd160', u'hmac-ripemd160@openssh.com', u'hmac-sha1-96', u'hmac-md5-96'] client compress:[u'none', u'zlib@openssh.com'] server compress:[u'none', u'zlib@openssh.com'] client lang:[u''] server lang:[u''] kex follows?False
2014-06-30 22:17:20,661:DEBUG:Ciphers agreed: local=aes128-ctr, remote=aes128-ctr
2014-06-30 22:17:20,661:DEBUG:using kex diffie-hellman-group1-sha1; server key type ssh-rsa; cipher: local aes128-ctr, remote aes128-ctr; mac: local hmac-sha1, remote hmac-sha1; compression: local none, remote none
2014-06-30 22:17:20,724:DEBUG:Switch to new keys ...
2014-06-30 22:17:20,747:DEBUG:Adding ssh-rsa host key for 192.168.10.107: 2f58e90562fc162f0c86f9859071fe3d
2014-06-30 22:17:20,752:DEBUG:Trying SSH agent key 507dd2c0c212e3d4364590a4bad8af3d
2014-06-30 22:17:20,856:DEBUG:userauth is OK
2014-06-30 22:17:29,652:INFO:Authentication (publickey) successful!
2014-06-30 22:17:29,667:DEBUG:[chan 1] Max packet in: 34816 bytes
2014-06-30 22:17:29,673:DEBUG:[chan 1] Max packet out: 32768 bytes
2014-06-30 22:17:29,673:INFO:Secsh channel 1 opened.
2014-06-30 22:17:29,679:DEBUG:[chan 1] Sesch channel 1 request ok
2014-06-30 22:17:29,800:DEBUG:EOF in transport thread
2014-06-30 22:18:29,414:DEBUG:created config drive locally. copy it to remote server 192.168.10.107 at path /home/tongqg/vm/a/config.iso
2014-06-30 22:18:29,430:DEBUG:starting thread (client mode): 0x363e0c10L
2014-06-30 22:18:29,442:INFO:Connected (version 2.0, client OpenSSH_6.2p2)
2014-06-30 22:18:29,444:DEBUG:kex algos:[u'ecdh-sha2-nistp256', u'ecdh-sha2-nistp384', u'ecdh-sha2-nistp521', u'diffie-hellman-group-exchange-sha256', u'diffie-hellman-group-exchange-sha1', u'diffie-hellman-group14-sha1', u'diffie-hellman-group1-sha1'] server key:[u'ssh-rsa', u'ssh-dss', u'ecdsa-sha2-nistp256'] client encrypt:[u'aes128-ctr', u'aes192-ctr', u'aes256-ctr', u'arcfour256', u'arcfour128', u'aes128-gcm@openssh.com', u'aes256-gcm@openssh.com', u'aes128-cbc', u'3des-cbc', u'blowfish-cbc', u'cast128-cbc', u'aes192-cbc', u'aes256-cbc', u'arcfour', u'rijndael-cbc@lysator.liu.se'] server encrypt:[u'aes128-ctr', u'aes192-ctr', u'aes256-ctr', u'arcfour256', u'arcfour128', u'aes128-gcm@openssh.com', u'aes256-gcm@openssh.com', u'aes128-cbc', u'3des-cbc', u'blowfish-cbc', u'cast128-cbc', u'aes192-cbc', u'aes256-cbc', u'arcfour', u'rijndael-cbc@lysator.liu.se'] client mac:[u'hmac-md5-etm@openssh.com', u'hmac-sha1-etm@openssh.com', u'umac-64-etm@openssh.com', u'umac-128-etm@openssh.com', u'hmac-sha2-256-etm@openssh.com', u'hmac-sha2-512-etm@openssh.com', u'hmac-ripemd160-etm@openssh.com', u'hmac-sha1-96-etm@openssh.com', u'hmac-md5-96-etm@openssh.com', u'hmac-md5', u'hmac-sha1', u'umac-64@openssh.com', u'umac-128@openssh.com', u'hmac-sha2-256', u'hmac-sha2-512', u'hmac-ripemd160', u'hmac-ripemd160@openssh.com', u'hmac-sha1-96', u'hmac-md5-96'] server mac:[u'hmac-md5-etm@openssh.com', u'hmac-sha1-etm@openssh.com', u'umac-64-etm@openssh.com', u'umac-128-etm@openssh.com', u'hmac-sha2-256-etm@openssh.com', u'hmac-sha2-512-etm@openssh.com', u'hmac-ripemd160-etm@openssh.com', u'hmac-sha1-96-etm@openssh.com', u'hmac-md5-96-etm@openssh.com', u'hmac-md5', u'hmac-sha1', u'umac-64@openssh.com', u'umac-128@openssh.com', u'hmac-sha2-256', u'hmac-sha2-512', u'hmac-ripemd160', u'hmac-ripemd160@openssh.com', u'hmac-sha1-96', u'hmac-md5-96'] client compress:[u'none', u'zlib@openssh.com'] server compress:[u'none', u'zlib@openssh.com'] client lang:[u''] server lang:[u''] kex follows?False
2014-06-30 22:18:29,444:DEBUG:Ciphers agreed: local=aes128-ctr, remote=aes128-ctr
2014-06-30 22:18:29,444:DEBUG:using kex diffie-hellman-group1-sha1; server key type ssh-rsa; cipher: local aes128-ctr, remote aes128-ctr; mac: local hmac-sha1, remote hmac-sha1; compression: local none, remote none
2014-06-30 22:18:29,510:DEBUG:Switch to new keys ...
2014-06-30 22:18:29,531:DEBUG:Adding ssh-rsa host key for 192.168.10.107: 2f58e90562fc162f0c86f9859071fe3d
2014-06-30 22:18:29,533:DEBUG:Trying SSH agent key 507dd2c0c212e3d4364590a4bad8af3d
2014-06-30 22:18:29,553:DEBUG:userauth is OK
2014-06-30 22:18:42,453:INFO:Authentication (publickey) successful!
2014-06-30 22:18:42,483:DEBUG:[chan 1] Max packet in: 34816 bytes
2014-06-30 22:18:42,659:DEBUG:[chan 1] Max packet out: 32768 bytes
2014-06-30 22:18:42,660:INFO:Secsh channel 1 opened.
2014-06-30 22:18:42,692:DEBUG:[chan 1] Sesch channel 1 request ok
2014-06-30 22:18:43,011:DEBUG:[chan 1] EOF sent (1)
2014-06-30 22:18:43,015:DEBUG:EOF in transport thread
2014-06-30 22:18:43,016:DEBUG:copy finished
2014-06-30 22:18:43,016:DEBUG:copying file from /home/tongqg/vm/hda.qcow2 /home/tongqg/vm/ahda.qcow2
2014-06-30 22:22:31,115:DEBUG:created config drive locally. copy it to remote server 192.168.10.107 at path /home/tongqg/vm/a/config.iso
2014-06-30 22:22:31,140:DEBUG:starting thread (client mode): 0x208a1c10L
2014-06-30 22:22:31,151:INFO:Connected (version 2.0, client OpenSSH_6.2p2)
2014-06-30 22:22:31,154:DEBUG:kex algos:[u'ecdh-sha2-nistp256', u'ecdh-sha2-nistp384', u'ecdh-sha2-nistp521', u'diffie-hellman-group-exchange-sha256', u'diffie-hellman-group-exchange-sha1', u'diffie-hellman-group14-sha1', u'diffie-hellman-group1-sha1'] server key:[u'ssh-rsa', u'ssh-dss', u'ecdsa-sha2-nistp256'] client encrypt:[u'aes128-ctr', u'aes192-ctr', u'aes256-ctr', u'arcfour256', u'arcfour128', u'aes128-gcm@openssh.com', u'aes256-gcm@openssh.com', u'aes128-cbc', u'3des-cbc', u'blowfish-cbc', u'cast128-cbc', u'aes192-cbc', u'aes256-cbc', u'arcfour', u'rijndael-cbc@lysator.liu.se'] server encrypt:[u'aes128-ctr', u'aes192-ctr', u'aes256-ctr', u'arcfour256', u'arcfour128', u'aes128-gcm@openssh.com', u'aes256-gcm@openssh.com', u'aes128-cbc', u'3des-cbc', u'blowfish-cbc', u'cast128-cbc', u'aes192-cbc', u'aes256-cbc', u'arcfour', u'rijndael-cbc@lysator.liu.se'] client mac:[u'hmac-md5-etm@openssh.com', u'hmac-sha1-etm@openssh.com', u'umac-64-etm@openssh.com', u'umac-128-etm@openssh.com', u'hmac-sha2-256-etm@openssh.com', u'hmac-sha2-512-etm@openssh.com', u'hmac-ripemd160-etm@openssh.com', u'hmac-sha1-96-etm@openssh.com', u'hmac-md5-96-etm@openssh.com', u'hmac-md5', u'hmac-sha1', u'umac-64@openssh.com', u'umac-128@openssh.com', u'hmac-sha2-256', u'hmac-sha2-512', u'hmac-ripemd160', u'hmac-ripemd160@openssh.com', u'hmac-sha1-96', u'hmac-md5-96'] server mac:[u'hmac-md5-etm@openssh.com', u'hmac-sha1-etm@openssh.com', u'umac-64-etm@openssh.com', u'umac-128-etm@openssh.com', u'hmac-sha2-256-etm@openssh.com', u'hmac-sha2-512-etm@openssh.com', u'hmac-ripemd160-etm@openssh.com', u'hmac-sha1-96-etm@openssh.com', u'hmac-md5-96-etm@openssh.com', u'hmac-md5', u'hmac-sha1', u'umac-64@openssh.com', u'umac-128@openssh.com', u'hmac-sha2-256', u'hmac-sha2-512', u'hmac-ripemd160', u'hmac-ripemd160@openssh.com', u'hmac-sha1-96', u'hmac-md5-96'] client compress:[u'none', u'zlib@openssh.com'] server compress:[u'none', u'zlib@openssh.com'] client lang:[u''] server lang:[u''] kex follows?False
2014-06-30 22:22:31,154:DEBUG:Ciphers agreed: local=aes128-ctr, remote=aes128-ctr
2014-06-30 22:22:31,159:DEBUG:using kex diffie-hellman-group1-sha1; server key type ssh-rsa; cipher: local aes128-ctr, remote aes128-ctr; mac: local hmac-sha1, remote hmac-sha1; compression: local none, remote none
2014-06-30 22:22:31,217:DEBUG:Switch to new keys ...
2014-06-30 22:22:31,242:DEBUG:Adding ssh-rsa host key for 192.168.10.107: 2f58e90562fc162f0c86f9859071fe3d
2014-06-30 22:22:31,248:DEBUG:Trying SSH agent key 507dd2c0c212e3d4364590a4bad8af3d
2014-06-30 22:22:31,262:DEBUG:userauth is OK
2014-06-30 22:22:46,377:INFO:Authentication (publickey) successful!
2014-06-30 22:22:46,380:DEBUG:[chan 1] Max packet in: 34816 bytes
2014-06-30 22:22:46,383:DEBUG:[chan 1] Max packet out: 32768 bytes
2014-06-30 22:22:46,383:INFO:Secsh channel 1 opened.
2014-06-30 22:22:46,388:DEBUG:[chan 1] Sesch channel 1 request ok
2014-06-30 22:22:46,389:DEBUG:[chan 2] Max packet in: 34816 bytes
2014-06-30 22:22:46,392:DEBUG:[chan 2] Max packet out: 32768 bytes
2014-06-30 22:22:46,392:INFO:Secsh channel 2 opened.
2014-06-30 22:22:46,396:DEBUG:[chan 1] EOF sent (1)
2014-06-30 22:22:46,397:DEBUG:[chan 2] Sesch channel 2 request ok
2014-06-30 22:22:46,402:DEBUG:Ignoring message for dead channel 1
2014-06-30 22:22:46,403:DEBUG:Ignoring message for dead channel 1
2014-06-30 22:22:46,403:DEBUG:Ignoring message for dead channel 1
2014-06-30 22:22:46,592:DEBUG:[chan 2] EOF sent (2)
2014-06-30 22:22:46,596:DEBUG:EOF in transport thread
2014-06-30 22:22:46,596:DEBUG:copy finished
2014-06-30 22:22:46,596:DEBUG:copying file from /home/tongqg/vm/hda.qcow2 /home/tongqg/vm/ahda.qcow2
2014-06-30 22:22:46,600:DEBUG:starting thread (client mode): 0x208a1c50L
2014-06-30 22:22:46,613:INFO:Connected (version 2.0, client OpenSSH_6.2p2)
2014-06-30 22:22:46,616:DEBUG:kex algos:[u'ecdh-sha2-nistp256', u'ecdh-sha2-nistp384', u'ecdh-sha2-nistp521', u'diffie-hellman-group-exchange-sha256', u'diffie-hellman-group-exchange-sha1', u'diffie-hellman-group14-sha1', u'diffie-hellman-group1-sha1'] server key:[u'ssh-rsa', u'ssh-dss', u'ecdsa-sha2-nistp256'] client encrypt:[u'aes128-ctr', u'aes192-ctr', u'aes256-ctr', u'arcfour256', u'arcfour128', u'aes128-gcm@openssh.com', u'aes256-gcm@openssh.com', u'aes128-cbc', u'3des-cbc', u'blowfish-cbc', u'cast128-cbc', u'aes192-cbc', u'aes256-cbc', u'arcfour', u'rijndael-cbc@lysator.liu.se'] server encrypt:[u'aes128-ctr', u'aes192-ctr', u'aes256-ctr', u'arcfour256', u'arcfour128', u'aes128-gcm@openssh.com', u'aes256-gcm@openssh.com', u'aes128-cbc', u'3des-cbc', u'blowfish-cbc', u'cast128-cbc', u'aes192-cbc', u'aes256-cbc', u'arcfour', u'rijndael-cbc@lysator.liu.se'] client mac:[u'hmac-md5-etm@openssh.com', u'hmac-sha1-etm@openssh.com', u'umac-64-etm@openssh.com', u'umac-128-etm@openssh.com', u'hmac-sha2-256-etm@openssh.com', u'hmac-sha2-512-etm@openssh.com', u'hmac-ripemd160-etm@openssh.com', u'hmac-sha1-96-etm@openssh.com', u'hmac-md5-96-etm@openssh.com', u'hmac-md5', u'hmac-sha1', u'umac-64@openssh.com', u'umac-128@openssh.com', u'hmac-sha2-256', u'hmac-sha2-512', u'hmac-ripemd160', u'hmac-ripemd160@openssh.com', u'hmac-sha1-96', u'hmac-md5-96'] server mac:[u'hmac-md5-etm@openssh.com', u'hmac-sha1-etm@openssh.com', u'umac-64-etm@openssh.com', u'umac-128-etm@openssh.com', u'hmac-sha2-256-etm@openssh.com', u'hmac-sha2-512-etm@openssh.com', u'hmac-ripemd160-etm@openssh.com', u'hmac-sha1-96-etm@openssh.com', u'hmac-md5-96-etm@openssh.com', u'hmac-md5', u'hmac-sha1', u'umac-64@openssh.com', u'umac-128@openssh.com', u'hmac-sha2-256', u'hmac-sha2-512', u'hmac-ripemd160', u'hmac-ripemd160@openssh.com', u'hmac-sha1-96', u'hmac-md5-96'] client compress:[u'none', u'zlib@openssh.com'] server compress:[u'none', u'zlib@openssh.com'] client lang:[u''] server lang:[u''] kex follows?False
2014-06-30 22:22:46,616:DEBUG:Ciphers agreed: local=aes128-ctr, remote=aes128-ctr
2014-06-30 22:22:46,616:DEBUG:using kex diffie-hellman-group1-sha1; server key type ssh-rsa; cipher: local aes128-ctr, remote aes128-ctr; mac: local hmac-sha1, remote hmac-sha1; compression: local none, remote none
2014-06-30 22:22:46,712:DEBUG:Switch to new keys ...
2014-06-30 22:22:46,713:DEBUG:Adding ssh-rsa host key for 192.168.10.107: 2f58e90562fc162f0c86f9859071fe3d
2014-06-30 22:22:46,721:DEBUG:Trying SSH agent key 507dd2c0c212e3d4364590a4bad8af3d
2014-06-30 22:22:46,789:DEBUG:userauth is OK
2014-06-30 22:22:56,385:INFO:Authentication (publickey) successful!
2014-06-30 22:22:56,386:DEBUG:[chan 1] Max packet in: 34816 bytes
2014-06-30 22:22:56,404:DEBUG:[chan 1] Max packet out: 32768 bytes
2014-06-30 22:22:56,404:INFO:Secsh channel 1 opened.
2014-06-30 22:22:56,409:DEBUG:[chan 1] Sesch channel 1 request ok
2014-06-30 22:22:56,510:DEBUG:EOF in transport thread
2014-06-30 22:22:56,526:DEBUG:copied
2014-06-30 22:22:56,543:DEBUG:undefined domain a
2014-06-30 22:22:56,719:DEBUG:defined domain a
2014-06-30 22:22:57,757:DEBUG:started domain a
2014-06-30 22:28:29,587:DEBUG:created config drive locally. copy it to remote server 192.168.10.107 at path /home/tongqg/vm/a/config.iso
2014-06-30 22:28:29,622:DEBUG:starting thread (client mode): 0xca624c10L
2014-06-30 22:28:29,636:INFO:Connected (version 2.0, client OpenSSH_6.2p2)
2014-06-30 22:28:29,641:DEBUG:kex algos:[u'ecdh-sha2-nistp256', u'ecdh-sha2-nistp384', u'ecdh-sha2-nistp521', u'diffie-hellman-group-exchange-sha256', u'diffie-hellman-group-exchange-sha1', u'diffie-hellman-group14-sha1', u'diffie-hellman-group1-sha1'] server key:[u'ssh-rsa', u'ssh-dss', u'ecdsa-sha2-nistp256'] client encrypt:[u'aes128-ctr', u'aes192-ctr', u'aes256-ctr', u'arcfour256', u'arcfour128', u'aes128-gcm@openssh.com', u'aes256-gcm@openssh.com', u'aes128-cbc', u'3des-cbc', u'blowfish-cbc', u'cast128-cbc', u'aes192-cbc', u'aes256-cbc', u'arcfour', u'rijndael-cbc@lysator.liu.se'] server encrypt:[u'aes128-ctr', u'aes192-ctr', u'aes256-ctr', u'arcfour256', u'arcfour128', u'aes128-gcm@openssh.com', u'aes256-gcm@openssh.com', u'aes128-cbc', u'3des-cbc', u'blowfish-cbc', u'cast128-cbc', u'aes192-cbc', u'aes256-cbc', u'arcfour', u'rijndael-cbc@lysator.liu.se'] client mac:[u'hmac-md5-etm@openssh.com', u'hmac-sha1-etm@openssh.com', u'umac-64-etm@openssh.com', u'umac-128-etm@openssh.com', u'hmac-sha2-256-etm@openssh.com', u'hmac-sha2-512-etm@openssh.com', u'hmac-ripemd160-etm@openssh.com', u'hmac-sha1-96-etm@openssh.com', u'hmac-md5-96-etm@openssh.com', u'hmac-md5', u'hmac-sha1', u'umac-64@openssh.com', u'umac-128@openssh.com', u'hmac-sha2-256', u'hmac-sha2-512', u'hmac-ripemd160', u'hmac-ripemd160@openssh.com', u'hmac-sha1-96', u'hmac-md5-96'] server mac:[u'hmac-md5-etm@openssh.com', u'hmac-sha1-etm@openssh.com', u'umac-64-etm@openssh.com', u'umac-128-etm@openssh.com', u'hmac-sha2-256-etm@openssh.com', u'hmac-sha2-512-etm@openssh.com', u'hmac-ripemd160-etm@openssh.com', u'hmac-sha1-96-etm@openssh.com', u'hmac-md5-96-etm@openssh.com', u'hmac-md5', u'hmac-sha1', u'umac-64@openssh.com', u'umac-128@openssh.com', u'hmac-sha2-256', u'hmac-sha2-512', u'hmac-ripemd160', u'hmac-ripemd160@openssh.com', u'hmac-sha1-96', u'hmac-md5-96'] client compress:[u'none', u'zlib@openssh.com'] server compress:[u'none', u'zlib@openssh.com'] client lang:[u''] server lang:[u''] kex follows?False
2014-06-30 22:28:29,641:DEBUG:Ciphers agreed: local=aes128-ctr, remote=aes128-ctr
2014-06-30 22:28:29,641:DEBUG:using kex diffie-hellman-group1-sha1; server key type ssh-rsa; cipher: local aes128-ctr, remote aes128-ctr; mac: local hmac-sha1, remote hmac-sha1; compression: local none, remote none
2014-06-30 22:28:29,707:DEBUG:Switch to new keys ...
2014-06-30 22:28:29,722:DEBUG:Adding ssh-rsa host key for 192.168.10.107: 2f58e90562fc162f0c86f9859071fe3d
2014-06-30 22:28:29,732:DEBUG:Trying SSH agent key 507dd2c0c212e3d4364590a4bad8af3d
2014-06-30 22:28:29,824:DEBUG:userauth is OK
2014-06-30 22:28:39,650:INFO:Authentication (publickey) successful!
2014-06-30 22:28:39,679:DEBUG:[chan 1] Max packet in: 34816 bytes
2014-06-30 22:28:39,684:DEBUG:[chan 1] Max packet out: 32768 bytes
2014-06-30 22:28:39,684:INFO:Secsh channel 1 opened.
2014-06-30 22:28:39,694:DEBUG:[chan 1] Sesch channel 1 request ok
2014-06-30 22:28:39,694:DEBUG:[chan 2] Max packet in: 34816 bytes
2014-06-30 22:28:39,697:DEBUG:[chan 2] Max packet out: 32768 bytes
2014-06-30 22:28:39,698:INFO:Secsh channel 2 opened.
2014-06-30 22:28:39,704:DEBUG:[chan 1] EOF sent (1)
2014-06-30 22:28:39,704:DEBUG:[chan 2] Sesch channel 2 request ok
2014-06-30 22:28:39,705:DEBUG:Ignoring message for dead channel 1
2014-06-30 22:28:39,706:DEBUG:Ignoring message for dead channel 1
2014-06-30 22:28:39,706:DEBUG:Ignoring message for dead channel 1
2014-06-30 22:28:40,076:DEBUG:[chan 2] EOF sent (2)
2014-06-30 22:28:40,079:DEBUG:EOF in transport thread
2014-06-30 22:28:40,080:DEBUG:copy finished
2014-06-30 22:28:40,080:DEBUG:copying file from /home/tongqg/vm/hda.qcow2 /home/tongqg/vm/a/hda.qcow2
2014-06-30 22:28:40,093:DEBUG:starting thread (client mode): 0xca624c50L
2014-06-30 22:28:40,116:INFO:Connected (version 2.0, client OpenSSH_6.2p2)
2014-06-30 22:28:40,117:DEBUG:kex algos:[u'ecdh-sha2-nistp256', u'ecdh-sha2-nistp384', u'ecdh-sha2-nistp521', u'diffie-hellman-group-exchange-sha256', u'diffie-hellman-group-exchange-sha1', u'diffie-hellman-group14-sha1', u'diffie-hellman-group1-sha1'] server key:[u'ssh-rsa', u'ssh-dss', u'ecdsa-sha2-nistp256'] client encrypt:[u'aes128-ctr', u'aes192-ctr', u'aes256-ctr', u'arcfour256', u'arcfour128', u'aes128-gcm@openssh.com', u'aes256-gcm@openssh.com', u'aes128-cbc', u'3des-cbc', u'blowfish-cbc', u'cast128-cbc', u'aes192-cbc', u'aes256-cbc', u'arcfour', u'rijndael-cbc@lysator.liu.se'] server encrypt:[u'aes128-ctr', u'aes192-ctr', u'aes256-ctr', u'arcfour256', u'arcfour128', u'aes128-gcm@openssh.com', u'aes256-gcm@openssh.com', u'aes128-cbc', u'3des-cbc', u'blowfish-cbc', u'cast128-cbc', u'aes192-cbc', u'aes256-cbc', u'arcfour', u'rijndael-cbc@lysator.liu.se'] client mac:[u'hmac-md5-etm@openssh.com', u'hmac-sha1-etm@openssh.com', u'umac-64-etm@openssh.com', u'umac-128-etm@openssh.com', u'hmac-sha2-256-etm@openssh.com', u'hmac-sha2-512-etm@openssh.com', u'hmac-ripemd160-etm@openssh.com', u'hmac-sha1-96-etm@openssh.com', u'hmac-md5-96-etm@openssh.com', u'hmac-md5', u'hmac-sha1', u'umac-64@openssh.com', u'umac-128@openssh.com', u'hmac-sha2-256', u'hmac-sha2-512', u'hmac-ripemd160', u'hmac-ripemd160@openssh.com', u'hmac-sha1-96', u'hmac-md5-96'] server mac:[u'hmac-md5-etm@openssh.com', u'hmac-sha1-etm@openssh.com', u'umac-64-etm@openssh.com', u'umac-128-etm@openssh.com', u'hmac-sha2-256-etm@openssh.com', u'hmac-sha2-512-etm@openssh.com', u'hmac-ripemd160-etm@openssh.com', u'hmac-sha1-96-etm@openssh.com', u'hmac-md5-96-etm@openssh.com', u'hmac-md5', u'hmac-sha1', u'umac-64@openssh.com', u'umac-128@openssh.com', u'hmac-sha2-256', u'hmac-sha2-512', u'hmac-ripemd160', u'hmac-ripemd160@openssh.com', u'hmac-sha1-96', u'hmac-md5-96'] client compress:[u'none', u'zlib@openssh.com'] server compress:[u'none', u'zlib@openssh.com'] client lang:[u''] server lang:[u''] kex follows?False
2014-06-30 22:28:40,117:DEBUG:Ciphers agreed: local=aes128-ctr, remote=aes128-ctr
2014-06-30 22:28:40,118:DEBUG:using kex diffie-hellman-group1-sha1; server key type ssh-rsa; cipher: local aes128-ctr, remote aes128-ctr; mac: local hmac-sha1, remote hmac-sha1; compression: local none, remote none
2014-06-30 22:28:40,252:DEBUG:Switch to new keys ...
2014-06-30 22:28:40,294:DEBUG:Adding ssh-rsa host key for 192.168.10.107: 2f58e90562fc162f0c86f9859071fe3d
2014-06-30 22:28:40,301:DEBUG:Trying SSH agent key 507dd2c0c212e3d4364590a4bad8af3d
2014-06-30 22:28:40,304:DEBUG:userauth is OK
2014-06-30 22:28:51,121:INFO:Authentication (publickey) successful!
2014-06-30 22:28:51,158:DEBUG:[chan 1] Max packet in: 34816 bytes
2014-06-30 22:28:51,167:DEBUG:[chan 1] Max packet out: 32768 bytes
2014-06-30 22:28:51,167:INFO:Secsh channel 1 opened.
2014-06-30 22:28:51,173:DEBUG:[chan 1] Sesch channel 1 request ok
2014-06-30 22:28:51,278:DEBUG:EOF in transport thread
2014-06-30 22:28:51,292:DEBUG:copied
2014-06-30 22:28:51,325:DEBUG:undefined domain a
2014-06-30 22:28:51,426:DEBUG:defined domain a
2014-06-30 22:28:52,453:DEBUG:started domain a
2014-06-30 22:37:52,685:DEBUG:created config drive locally. copy it to remote server 192.168.10.107 at path /home/tongqg/vm/a/config.iso
2014-06-30 22:37:52,701:DEBUG:starting thread (client mode): 0xe7b09c10L
2014-06-30 22:37:52,718:INFO:Connected (version 2.0, client OpenSSH_6.2p2)
2014-06-30 22:37:52,724:DEBUG:kex algos:[u'ecdh-sha2-nistp256', u'ecdh-sha2-nistp384', u'ecdh-sha2-nistp521', u'diffie-hellman-group-exchange-sha256', u'diffie-hellman-group-exchange-sha1', u'diffie-hellman-group14-sha1', u'diffie-hellman-group1-sha1'] server key:[u'ssh-rsa', u'ssh-dss', u'ecdsa-sha2-nistp256'] client encrypt:[u'aes128-ctr', u'aes192-ctr', u'aes256-ctr', u'arcfour256', u'arcfour128', u'aes128-gcm@openssh.com', u'aes256-gcm@openssh.com', u'aes128-cbc', u'3des-cbc', u'blowfish-cbc', u'cast128-cbc', u'aes192-cbc', u'aes256-cbc', u'arcfour', u'rijndael-cbc@lysator.liu.se'] server encrypt:[u'aes128-ctr', u'aes192-ctr', u'aes256-ctr', u'arcfour256', u'arcfour128', u'aes128-gcm@openssh.com', u'aes256-gcm@openssh.com', u'aes128-cbc', u'3des-cbc', u'blowfish-cbc', u'cast128-cbc', u'aes192-cbc', u'aes256-cbc', u'arcfour', u'rijndael-cbc@lysator.liu.se'] client mac:[u'hmac-md5-etm@openssh.com', u'hmac-sha1-etm@openssh.com', u'umac-64-etm@openssh.com', u'umac-128-etm@openssh.com', u'hmac-sha2-256-etm@openssh.com', u'hmac-sha2-512-etm@openssh.com', u'hmac-ripemd160-etm@openssh.com', u'hmac-sha1-96-etm@openssh.com', u'hmac-md5-96-etm@openssh.com', u'hmac-md5', u'hmac-sha1', u'umac-64@openssh.com', u'umac-128@openssh.com', u'hmac-sha2-256', u'hmac-sha2-512', u'hmac-ripemd160', u'hmac-ripemd160@openssh.com', u'hmac-sha1-96', u'hmac-md5-96'] server mac:[u'hmac-md5-etm@openssh.com', u'hmac-sha1-etm@openssh.com', u'umac-64-etm@openssh.com', u'umac-128-etm@openssh.com', u'hmac-sha2-256-etm@openssh.com', u'hmac-sha2-512-etm@openssh.com', u'hmac-ripemd160-etm@openssh.com', u'hmac-sha1-96-etm@openssh.com', u'hmac-md5-96-etm@openssh.com', u'hmac-md5', u'hmac-sha1', u'umac-64@openssh.com', u'umac-128@openssh.com', u'hmac-sha2-256', u'hmac-sha2-512', u'hmac-ripemd160', u'hmac-ripemd160@openssh.com', u'hmac-sha1-96', u'hmac-md5-96'] client compress:[u'none', u'zlib@openssh.com'] server compress:[u'none', u'zlib@openssh.com'] client lang:[u''] server lang:[u''] kex follows?False
2014-06-30 22:37:52,725:DEBUG:Ciphers agreed: local=aes128-ctr, remote=aes128-ctr
2014-06-30 22:37:52,725:DEBUG:using kex diffie-hellman-group1-sha1; server key type ssh-rsa; cipher: local aes128-ctr, remote aes128-ctr; mac: local hmac-sha1, remote hmac-sha1; compression: local none, remote none
2014-06-30 22:37:52,827:DEBUG:Switch to new keys ...
2014-06-30 22:37:52,843:DEBUG:Adding ssh-rsa host key for 192.168.10.107: 2f58e90562fc162f0c86f9859071fe3d
2014-06-30 22:37:52,849:DEBUG:Trying SSH agent key 507dd2c0c212e3d4364590a4bad8af3d
2014-06-30 22:37:52,909:DEBUG:userauth is OK
2014-06-30 22:37:58,030:INFO:Authentication (publickey) successful!
2014-06-30 22:37:58,056:DEBUG:[chan 1] Max packet in: 34816 bytes
2014-06-30 22:37:58,080:DEBUG:[chan 1] Max packet out: 32768 bytes
2014-06-30 22:37:58,082:INFO:Secsh channel 1 opened.
2014-06-30 22:37:58,088:DEBUG:[chan 1] Sesch channel 1 request ok
2014-06-30 22:37:58,091:DEBUG:[chan 2] Max packet in: 34816 bytes
2014-06-30 22:37:58,101:DEBUG:[chan 2] Max packet out: 32768 bytes
2014-06-30 22:37:58,102:INFO:Secsh channel 2 opened.
2014-06-30 22:37:58,103:DEBUG:[chan 1] EOF received (1)
2014-06-30 22:37:58,104:DEBUG:[chan 1] EOF sent (1)
2014-06-30 22:37:58,107:DEBUG:[chan 2] Sesch channel 2 request ok
2014-06-30 22:37:58,320:DEBUG:[chan 2] EOF sent (2)
2014-06-30 22:37:58,326:DEBUG:EOF in transport thread
2014-06-30 22:37:58,327:DEBUG:copy finished
2014-06-30 22:37:58,328:DEBUG:copying file from /home/tongqg/vm/hda.qcow2 /home/tongqg/vm/a/hda.qcow2
2014-06-30 22:37:58,341:DEBUG:starting thread (client mode): 0xe7b09c50L
2014-06-30 22:37:58,361:INFO:Connected (version 2.0, client OpenSSH_6.2p2)
2014-06-30 22:37:58,363:DEBUG:kex algos:[u'ecdh-sha2-nistp256', u'ecdh-sha2-nistp384', u'ecdh-sha2-nistp521', u'diffie-hellman-group-exchange-sha256', u'diffie-hellman-group-exchange-sha1', u'diffie-hellman-group14-sha1', u'diffie-hellman-group1-sha1'] server key:[u'ssh-rsa', u'ssh-dss', u'ecdsa-sha2-nistp256'] client encrypt:[u'aes128-ctr', u'aes192-ctr', u'aes256-ctr', u'arcfour256', u'arcfour128', u'aes128-gcm@openssh.com', u'aes256-gcm@openssh.com', u'aes128-cbc', u'3des-cbc', u'blowfish-cbc', u'cast128-cbc', u'aes192-cbc', u'aes256-cbc', u'arcfour', u'rijndael-cbc@lysator.liu.se'] server encrypt:[u'aes128-ctr', u'aes192-ctr', u'aes256-ctr', u'arcfour256', u'arcfour128', u'aes128-gcm@openssh.com', u'aes256-gcm@openssh.com', u'aes128-cbc', u'3des-cbc', u'blowfish-cbc', u'cast128-cbc', u'aes192-cbc', u'aes256-cbc', u'arcfour', u'rijndael-cbc@lysator.liu.se'] client mac:[u'hmac-md5-etm@openssh.com', u'hmac-sha1-etm@openssh.com', u'umac-64-etm@openssh.com', u'umac-128-etm@openssh.com', u'hmac-sha2-256-etm@openssh.com', u'hmac-sha2-512-etm@openssh.com', u'hmac-ripemd160-etm@openssh.com', u'hmac-sha1-96-etm@openssh.com', u'hmac-md5-96-etm@openssh.com', u'hmac-md5', u'hmac-sha1', u'umac-64@openssh.com', u'umac-128@openssh.com', u'hmac-sha2-256', u'hmac-sha2-512', u'hmac-ripemd160', u'hmac-ripemd160@openssh.com', u'hmac-sha1-96', u'hmac-md5-96'] server mac:[u'hmac-md5-etm@openssh.com', u'hmac-sha1-etm@openssh.com', u'umac-64-etm@openssh.com', u'umac-128-etm@openssh.com', u'hmac-sha2-256-etm@openssh.com', u'hmac-sha2-512-etm@openssh.com', u'hmac-ripemd160-etm@openssh.com', u'hmac-sha1-96-etm@openssh.com', u'hmac-md5-96-etm@openssh.com', u'hmac-md5', u'hmac-sha1', u'umac-64@openssh.com', u'umac-128@openssh.com', u'hmac-sha2-256', u'hmac-sha2-512', u'hmac-ripemd160', u'hmac-ripemd160@openssh.com', u'hmac-sha1-96', u'hmac-md5-96'] client compress:[u'none', u'zlib@openssh.com'] server compress:[u'none', u'zlib@openssh.com'] client lang:[u''] server lang:[u''] kex follows?False
2014-06-30 22:37:58,364:DEBUG:Ciphers agreed: local=aes128-ctr, remote=aes128-ctr
2014-06-30 22:37:58,364:DEBUG:using kex diffie-hellman-group1-sha1; server key type ssh-rsa; cipher: local aes128-ctr, remote aes128-ctr; mac: local hmac-sha1, remote hmac-sha1; compression: local none, remote none
2014-06-30 22:37:58,462:DEBUG:Switch to new keys ...
2014-06-30 22:37:58,470:DEBUG:Adding ssh-rsa host key for 192.168.10.107: 2f58e90562fc162f0c86f9859071fe3d
2014-06-30 22:37:58,477:DEBUG:Trying SSH agent key 507dd2c0c212e3d4364590a4bad8af3d
2014-06-30 22:37:58,542:DEBUG:userauth is OK
2014-06-30 22:38:05,912:INFO:Authentication (publickey) successful!
2014-06-30 22:38:05,920:DEBUG:[chan 1] Max packet in: 34816 bytes
2014-06-30 22:38:06,015:DEBUG:[chan 1] Max packet out: 32768 bytes
2014-06-30 22:38:06,016:INFO:Secsh channel 1 opened.
2014-06-30 22:38:06,027:DEBUG:[chan 1] Sesch channel 1 request ok
2014-06-30 22:38:06,130:DEBUG:EOF in transport thread
2014-06-30 22:38:06,148:DEBUG:copied
2014-06-30 22:38:40,238:DEBUG:created config drive locally. copy it to remote server 192.168.10.107 at path /home/tongqg/vm/a/config.iso
2014-06-30 22:38:40,261:DEBUG:starting thread (client mode): 0x75445c10L
2014-06-30 22:38:40,275:INFO:Connected (version 2.0, client OpenSSH_6.2p2)
2014-06-30 22:38:40,279:DEBUG:kex algos:[u'ecdh-sha2-nistp256', u'ecdh-sha2-nistp384', u'ecdh-sha2-nistp521', u'diffie-hellman-group-exchange-sha256', u'diffie-hellman-group-exchange-sha1', u'diffie-hellman-group14-sha1', u'diffie-hellman-group1-sha1'] server key:[u'ssh-rsa', u'ssh-dss', u'ecdsa-sha2-nistp256'] client encrypt:[u'aes128-ctr', u'aes192-ctr', u'aes256-ctr', u'arcfour256', u'arcfour128', u'aes128-gcm@openssh.com', u'aes256-gcm@openssh.com', u'aes128-cbc', u'3des-cbc', u'blowfish-cbc', u'cast128-cbc', u'aes192-cbc', u'aes256-cbc', u'arcfour', u'rijndael-cbc@lysator.liu.se'] server encrypt:[u'aes128-ctr', u'aes192-ctr', u'aes256-ctr', u'arcfour256', u'arcfour128', u'aes128-gcm@openssh.com', u'aes256-gcm@openssh.com', u'aes128-cbc', u'3des-cbc', u'blowfish-cbc', u'cast128-cbc', u'aes192-cbc', u'aes256-cbc', u'arcfour', u'rijndael-cbc@lysator.liu.se'] client mac:[u'hmac-md5-etm@openssh.com', u'hmac-sha1-etm@openssh.com', u'umac-64-etm@openssh.com', u'umac-128-etm@openssh.com', u'hmac-sha2-256-etm@openssh.com', u'hmac-sha2-512-etm@openssh.com', u'hmac-ripemd160-etm@openssh.com', u'hmac-sha1-96-etm@openssh.com', u'hmac-md5-96-etm@openssh.com', u'hmac-md5', u'hmac-sha1', u'umac-64@openssh.com', u'umac-128@openssh.com', u'hmac-sha2-256', u'hmac-sha2-512', u'hmac-ripemd160', u'hmac-ripemd160@openssh.com', u'hmac-sha1-96', u'hmac-md5-96'] server mac:[u'hmac-md5-etm@openssh.com', u'hmac-sha1-etm@openssh.com', u'umac-64-etm@openssh.com', u'umac-128-etm@openssh.com', u'hmac-sha2-256-etm@openssh.com', u'hmac-sha2-512-etm@openssh.com', u'hmac-ripemd160-etm@openssh.com', u'hmac-sha1-96-etm@openssh.com', u'hmac-md5-96-etm@openssh.com', u'hmac-md5', u'hmac-sha1', u'umac-64@openssh.com', u'umac-128@openssh.com', u'hmac-sha2-256', u'hmac-sha2-512', u'hmac-ripemd160', u'hmac-ripemd160@openssh.com', u'hmac-sha1-96', u'hmac-md5-96'] client compress:[u'none', u'zlib@openssh.com'] server compress:[u'none', u'zlib@openssh.com'] client lang:[u''] server lang:[u''] kex follows?False
2014-06-30 22:38:40,279:DEBUG:Ciphers agreed: local=aes128-ctr, remote=aes128-ctr
2014-06-30 22:38:40,279:DEBUG:using kex diffie-hellman-group1-sha1; server key type ssh-rsa; cipher: local aes128-ctr, remote aes128-ctr; mac: local hmac-sha1, remote hmac-sha1; compression: local none, remote none
2014-06-30 22:38:40,346:DEBUG:Switch to new keys ...
2014-06-30 22:38:40,362:DEBUG:Adding ssh-rsa host key for 192.168.10.107: 2f58e90562fc162f0c86f9859071fe3d
2014-06-30 22:38:40,369:DEBUG:Trying SSH agent key 507dd2c0c212e3d4364590a4bad8af3d
2014-06-30 22:38:40,424:DEBUG:userauth is OK
2014-06-30 22:38:48,304:INFO:Authentication (publickey) successful!
2014-06-30 22:38:48,331:DEBUG:[chan 1] Max packet in: 34816 bytes
2014-06-30 22:38:48,342:DEBUG:[chan 1] Max packet out: 32768 bytes
2014-06-30 22:38:48,342:INFO:Secsh channel 1 opened.
2014-06-30 22:38:48,347:DEBUG:[chan 1] Sesch channel 1 request ok
2014-06-30 22:38:48,348:DEBUG:[chan 2] Max packet in: 34816 bytes
2014-06-30 22:38:48,353:DEBUG:[chan 2] Max packet out: 32768 bytes
2014-06-30 22:38:48,353:INFO:Secsh channel 2 opened.
2014-06-30 22:38:48,357:DEBUG:[chan 1] EOF sent (1)
2014-06-30 22:38:48,358:DEBUG:[chan 2] Sesch channel 2 request ok
2014-06-30 22:38:48,359:DEBUG:Ignoring message for dead channel 1
2014-06-30 22:38:48,359:DEBUG:Ignoring message for dead channel 1
2014-06-30 22:38:48,359:DEBUG:Ignoring message for dead channel 1
2014-06-30 22:38:48,681:DEBUG:[chan 2] EOF sent (2)
2014-06-30 22:38:48,685:DEBUG:EOF in transport thread
2014-06-30 22:38:48,686:DEBUG:copy finished
2014-06-30 22:38:48,686:DEBUG:copying file from /home/tongqg/vm/hda.qcow2 /home/tongqg/vm/a/hda.qcow2
2014-06-30 22:38:48,689:DEBUG:starting thread (client mode): 0x75445c50L
2014-06-30 22:38:48,710:INFO:Connected (version 2.0, client OpenSSH_6.2p2)
2014-06-30 22:38:48,716:DEBUG:kex algos:[u'ecdh-sha2-nistp256', u'ecdh-sha2-nistp384', u'ecdh-sha2-nistp521', u'diffie-hellman-group-exchange-sha256', u'diffie-hellman-group-exchange-sha1', u'diffie-hellman-group14-sha1', u'diffie-hellman-group1-sha1'] server key:[u'ssh-rsa', u'ssh-dss', u'ecdsa-sha2-nistp256'] client encrypt:[u'aes128-ctr', u'aes192-ctr', u'aes256-ctr', u'arcfour256', u'arcfour128', u'aes128-gcm@openssh.com', u'aes256-gcm@openssh.com', u'aes128-cbc', u'3des-cbc', u'blowfish-cbc', u'cast128-cbc', u'aes192-cbc', u'aes256-cbc', u'arcfour', u'rijndael-cbc@lysator.liu.se'] server encrypt:[u'aes128-ctr', u'aes192-ctr', u'aes256-ctr', u'arcfour256', u'arcfour128', u'aes128-gcm@openssh.com', u'aes256-gcm@openssh.com', u'aes128-cbc', u'3des-cbc', u'blowfish-cbc', u'cast128-cbc', u'aes192-cbc', u'aes256-cbc', u'arcfour', u'rijndael-cbc@lysator.liu.se'] client mac:[u'hmac-md5-etm@openssh.com', u'hmac-sha1-etm@openssh.com', u'umac-64-etm@openssh.com', u'umac-128-etm@openssh.com', u'hmac-sha2-256-etm@openssh.com', u'hmac-sha2-512-etm@openssh.com', u'hmac-ripemd160-etm@openssh.com', u'hmac-sha1-96-etm@openssh.com', u'hmac-md5-96-etm@openssh.com', u'hmac-md5', u'hmac-sha1', u'umac-64@openssh.com', u'umac-128@openssh.com', u'hmac-sha2-256', u'hmac-sha2-512', u'hmac-ripemd160', u'hmac-ripemd160@openssh.com', u'hmac-sha1-96', u'hmac-md5-96'] server mac:[u'hmac-md5-etm@openssh.com', u'hmac-sha1-etm@openssh.com', u'umac-64-etm@openssh.com', u'umac-128-etm@openssh.com', u'hmac-sha2-256-etm@openssh.com', u'hmac-sha2-512-etm@openssh.com', u'hmac-ripemd160-etm@openssh.com', u'hmac-sha1-96-etm@openssh.com', u'hmac-md5-96-etm@openssh.com', u'hmac-md5', u'hmac-sha1', u'umac-64@openssh.com', u'umac-128@openssh.com', u'hmac-sha2-256', u'hmac-sha2-512', u'hmac-ripemd160', u'hmac-ripemd160@openssh.com', u'hmac-sha1-96', u'hmac-md5-96'] client compress:[u'none', u'zlib@openssh.com'] server compress:[u'none', u'zlib@openssh.com'] client lang:[u''] server lang:[u''] kex follows?False
2014-06-30 22:38:48,716:DEBUG:Ciphers agreed: local=aes128-ctr, remote=aes128-ctr
2014-06-30 22:38:48,716:DEBUG:using kex diffie-hellman-group1-sha1; server key type ssh-rsa; cipher: local aes128-ctr, remote aes128-ctr; mac: local hmac-sha1, remote hmac-sha1; compression: local none, remote none
2014-06-30 22:38:48,838:DEBUG:Switch to new keys ...
2014-06-30 22:38:48,856:DEBUG:Adding ssh-rsa host key for 192.168.10.107: 2f58e90562fc162f0c86f9859071fe3d
2014-06-30 22:38:48,859:DEBUG:Trying SSH agent key 507dd2c0c212e3d4364590a4bad8af3d
2014-06-30 22:38:48,921:DEBUG:userauth is OK
2014-06-30 22:38:57,111:INFO:Authentication (publickey) successful!
2014-06-30 22:38:57,113:DEBUG:[chan 1] Max packet in: 34816 bytes
2014-06-30 22:38:57,118:DEBUG:[chan 1] Max packet out: 32768 bytes
2014-06-30 22:38:57,119:INFO:Secsh channel 1 opened.
2014-06-30 22:38:57,124:DEBUG:[chan 1] Sesch channel 1 request ok
2014-06-30 22:38:57,228:DEBUG:EOF in transport thread
2014-06-30 22:38:57,263:DEBUG:copied
2014-06-30 22:38:57,271:DEBUG:server a

<domain type="kvm"><console type="file"><source path="/home/tongqg/vm/a/console.log" /><target port="0" type="serial" /></console><name>a</name><vcpu palcement="static">2</vcpu><os><boot dev="hd" /><type arch="x86_64" machine="pc">hvm</type><smbios mode="sysinfo" /></os><devices><disk device="disk" type="file"><driver cache="none" name="qemu" type="qcow2" /><target bus="virtio" dev="vda" /><source file="/home/tongqg/vm/a/hda.qcow2" /></disk><disk device="cdrom" type="file"><driver name="qemu" type="raw" /><target bus="ide" dev="hda" /><source file="/home/tongqg/vm/a/config.iso" /></disk><emulator>/usr/bin/kvm-spice</emulator></devices><memory unit="MiB">256</memory><interface type="bridge"><fileterref fileter="clean-traffic" /><source bridge="br0" /><mac address="00:16:3e:0a:76:99" /><model type="virtio" /></interface><interface type="bridge"><fileterref fileter="clean-traffic" /><source bridge="br1" /><mac address="00:16:3e:43:06:85" /><model type="virtio" /></interface><sysinfo type="smbios"><system><entry name="manufacturer">IBM</entry><entry name="product">Zenith Controller</entry><entry name="verson">2014.1-201403302302.ibm.el6.116</entry><entry name="serial">00000000-0000-0000-0000-002590f137c2</entry></system></sysinfo><uuid>446d5ac2-0064-11e4-90cf-080027c47db3</uuid></domain>

2014-06-30 22:38:57,287:DEBUG:undefined domain a
2014-06-30 22:38:58,545:DEBUG:defined domain a
2014-06-30 22:38:59,471:DEBUG:started domain a
